0 info it worked if it ends with ok
1 verbose cli [ '/usr/bin/node', '/usr/bin/npm', 'install', 'fs' ]
2 info using npm@1.2.32
3 info using node@v0.10.12
4 verbose node symlink /usr/bin/node
5 verbose read json /home/ubuntu/bitstarter/package.json
6 warn package.json node-example@0.0.1 No repository field.
7 warn package.json node-example@0.0.1 No readme data.
8 verbose read json /home/ubuntu/bitstarter/node_modules/cheerio/package.json
9 verbose read json /home/ubuntu/bitstarter/node_modules/commander/package.json
10 verbose read json /home/ubuntu/bitstarter/node_modules/express/package.json
11 verbose from cache /home/ubuntu/bitstarter/package.json
12 verbose readDependencies using package.json deps
13 verbose cache add [ 'fs', null ]
14 verbose cache add name=undefined spec="fs" args=["fs",null]
15 verbose parsed url { protocol: null,
15 verbose parsed url   slashes: null,
15 verbose parsed url   auth: null,
15 verbose parsed url   host: null,
15 verbose parsed url   port: null,
15 verbose parsed url   hostname: null,
15 verbose parsed url   hash: null,
15 verbose parsed url   search: null,
15 verbose parsed url   query: null,
15 verbose parsed url   pathname: 'fs',
15 verbose parsed url   path: 'fs',
15 verbose parsed url   href: 'fs' }
16 silly lockFile 3f4bb586-fs fs
17 verbose lock fs /home/ubuntu/.npm/3f4bb586-fs.lock
18 silly lockFile 3f4bb586-fs fs
19 silly lockFile 3f4bb586-fs fs
20 verbose addNamed [ 'fs', '' ]
21 verbose addNamed [ null, '' ]
22 silly lockFile a107b96b-fs fs@
23 verbose lock fs@ /home/ubuntu/.npm/a107b96b-fs.lock
24 silly addNameRange { name: 'fs', range: '', hasData: false }
25 verbose url raw fs
26 verbose url resolving [ 'https://registry.npmjs.org/', './fs' ]
27 verbose url resolved https://registry.npmjs.org/fs
28 info trying registry request attempt 1 at 13:38:08
29 http GET https://registry.npmjs.org/fs
30 http 404 https://registry.npmjs.org/fs
31 silly registry.get cb [ 404,
31 silly registry.get   { server: 'CouchDB/1.3.0 (Erlang OTP/R15B03)',
31 silly registry.get     date: 'Sun, 07 Jul 2013 13:38:08 GMT',
31 silly registry.get     'content-type': 'application/json',
31 silly registry.get     'content-length': '52',
31 silly registry.get     'cache-control': 'must-revalidate' } ]
32 silly lockFile a107b96b-fs fs@
33 silly lockFile a107b96b-fs fs@
34 error 404 'fs' is not in the npm registry.
34 error 404 You should bug the author to publish it
34 error 404
34 error 404 Note that you can also install from a
34 error 404 tarball, folder, or http url, or git url.
35 error System Linux 3.2.0-40-virtual
36 error command "/usr/bin/node" "/usr/bin/npm" "install" "fs"
37 error cwd /home/ubuntu/bitstarter
38 error node -v v0.10.12
39 error npm -v 1.2.32
40 error code E404
41 verbose exit [ 1, true ]
